<?xml version="1.0" encoding="UTF-8"?>
<testng-results skipped="0" failed="0" total="2" passed="2">
  <reporter-output>
    <line>
      <![CDATA[2]]>
    </line>
    <line>
      <![CDATA[1]]>
    </line>
  </reporter-output>
  <suite name="Suite" duration-ms="33" started-at="2018-07-06T10:50:54Z" finished-at="2018-07-06T10:50:54Z">
    <groups>
    </groups>
    <test name="Test" duration-ms="33" started-at="2018-07-06T10:50:54Z" finished-at="2018-07-06T10:50:54Z">
      <class name="testng.Demo2">
        <test-method status="PASS" signature="test2()[pri:0, instance:testng.Demo2@7921b0a2]" name="test2" duration-ms="11" started-at="2018-07-06T16:20:54Z" finished-at="2018-07-06T16:20:54Z">
          <reporter-output>
            <line>
              <![CDATA[2]]>
            </line>
          </reporter-output>
        </test-method> <!-- test2 -->
      </class> <!-- testng.Demo2 -->
      <class name="testng.demotest">
        <test-method status="PASS" signature="test()[pri:0, instance:testng.demotest@1efbd816]" name="test" duration-ms="2" started-at="2018-07-06T16:20:54Z" finished-at="2018-07-06T16:20:54Z">
          <reporter-output>
            <line>
              <![CDATA[1]]>
            </line>
          </reporter-output>
        </test-method> <!-- test -->
      </class> <!-- testng.demotest -->
    </test> <!-- Test -->
  </suite> <!-- Suite -->
</testng-results>
